#
# There is insufficient memory for the Java Runtime Environment to continue.
# Native memory allocation (mmap) failed to map 65536 bytes for Failed to commit metaspace.
# Possible reasons:
#   The system is out of physical RAM or swap space
#   The process is running with CompressedOops enabled, and the Java Heap may be blocking the growth of the native heap
# Possible solutions:
#   Reduce memory load on the system
#   Increase physical memory or swap space
#   Check if swap backing store is full
#   Decrease Java heap size (-Xmx/-Xms)
#   Decrease number of Java threads
#   Decrease Java thread stack sizes (-Xss)
#   Set larger code cache with -XX:ReservedCodeCacheSize=
#   JVM is running with Unscaled Compressed Oops mode in which the Java heap is
#     placed in the first 4GB address space. The Java Heap base address is the
#     maximum limit for the native heap growth. Please use -XX:HeapBaseMinAddress
#     to set the Java Heap base and to place the Java Heap above 4GB virtual address.
# This output file may be truncated or incomplete.
#
#  Out of Memory Error (virtualSpaceNode.cpp:110), pid=8876, tid=12236
#
# JRE version: Java(TM) SE Runtime Environment (17.0.7+8) (build 17.0.7+8-LTS-224)
# Java VM: Java HotSpot(TM) 64-Bit Server VM (17.0.7+8-LTS-224, mixed mode, emulated-client, sharing, tiered, compressed oops, compressed class ptrs, g1 gc, windows-amd64)
# No core dump will be written. Minidumps are not enabled by default on client versions of Windows
#

---------------  S U M M A R Y ------------

Command Line: -XX:TieredStopAtLevel=1 -Dspring.output.ansi.enabled=always -Dcom.sun.management.jmxremote -Dspring.jmx.enabled=true -Dspring.liveBeansView.mbeanDomain -Dspring.application.admin.enabled=true -Dmanagement.endpoints.jmx.exposure.include=* -javaagent:C:\Program Files\JetBrains\IntelliJ IDEA 2023.3.6\lib\idea_rt.jar=51526:C:\Program Files\JetBrains\IntelliJ IDEA 2023.3.6\bin -Dfile.encoding=UTF-8 com.example.test.TestApplication

Host: Intel(R) Pentium(R) CPU 4405U @ 2.10GHz, 4 cores, 3G,  Windows 10 , 64 bit Build 19041 (10.0.19041.3636)
Time: Tue May  7 22:19:24 2024  Windows 10 , 64 bit Build 19041 (10.0.19041.3636) elapsed time: 8.750957 seconds (0d 0h 0m 8s)

---------------  T H R E A D  ---------------

Current thread (0x000001dfff8f74c0):  JavaThread "main" [_thread_in_vm, id=12236, stack(0x0000005682a00000,0x0000005682b00000)]

Stack: [0x0000005682a00000,0x0000005682b00000]
Native frames: (J=compiled Java code, j=interpreted, Vv=VM code, C=native code)
V  [jvm.dll+0x676a4a]
V  [jvm.dll+0x7d74f4]
V  [jvm.dll+0x7d8c9e]
V  [jvm.dll+0x7d9303]
V  [jvm.dll+0x2452c5]
V  [jvm.dll+0x7d35fb]
V  [jvm.dll+0x61ca36]
V  [jvm.dll+0x1bfbf7]
V  [jvm.dll+0x61f390]
V  [jvm.dll+0x61d3f6]
V  [jvm.dll+0x1e9bee]
V  [jvm.dll+0x1ea5bb]
V  [jvm.dll+0x1dfdc1]
V  [jvm.dll+0x53cf0c]
V  [jvm.dll+0x752158]
V  [jvm.dll+0x752244]
V  [jvm.dll+0x40b12f]
V  [jvm.dll+0x411149]
C  [java.dll+0x17ec]

Java frames: (J=compiled Java code, j=interpreted, Vv=VM code)
J 1076  java.lang.ClassLoader.defineClass1(Ljava/lang/ClassLoader;Ljava/lang/String;[BIILjava/security/ProtectionDomain;Ljava/lang/String;)Ljava/lang/Class; java.base@17.0.7 (0 bytes) @ 0x000001df88e51b63 [0x000001df88e51aa0+0x00000000000000c3]
J 1181 c1 java.lang.ClassLoader.defineClass(Ljava/lang/String;[BIILjava/security/ProtectionDomain;)Ljava/lang/Class; java.base@17.0.7 (43 bytes) @ 0x000001df88e80e5c [0x000001df88e80d60+0x00000000000000fc]
J 1086 c1 jdk.internal.loader.BuiltinClassLoader.defineClass(Ljava/lang/String;Ljdk/internal/loader/Resource;)Ljava/lang/Class; java.base@17.0.7 (121 bytes) @ 0x000001df88e59764 [0x000001df88e592a0+0x00000000000004c4]
J 1081 c1 jdk.internal.loader.BuiltinClassLoader.findClassOnClassPathOrNull(Ljava/lang/String;)Ljava/lang/Class; java.base@17.0.7 (64 bytes) @ 0x000001df88e57434 [0x000001df88e57180+0x00000000000002b4]
J 875 c1 jdk.internal.loader.BuiltinClassLoader.loadClassOrNull(Ljava/lang/String;Z)Ljava/lang/Class; java.base@17.0.7 (143 bytes) @ 0x000001df88e0395c [0x000001df88e03500+0x000000000000045c]
J 987 c1 jdk.internal.loader.ClassLoaders$AppClassLoader.loadClass(Ljava/lang/String;Z)Ljava/lang/Class; java.base@17.0.7 (40 bytes) @ 0x000001df88e2fba4 [0x000001df88e2fa60+0x0000000000000144]
J 983 c1 java.lang.ClassLoader.loadClass(Ljava/lang/String;)Ljava/lang/Class; java.base@17.0.7 (7 bytes) @ 0x000001df88e2ece4 [0x000001df88e2eca0+0x0000000000000044]
v  ~StubRoutines::call_stub
J 2805  java.lang.Class.getDeclaredMethods0(Z)[Ljava/lang/reflect/Method; java.base@17.0.7 (0 bytes) @ 0x000001df8911d0e3 [0x000001df8911d0a0+0x0000000000000043]
J 1910 c1 java.lang.Class.privateGetDeclaredMethods(Z)[Ljava/lang/reflect/Method; java.base@17.0.7 (64 bytes) @ 0x000001df88f9c89c [0x000001df88f9c800+0x000000000000009c]
J 2143 c1 java.lang.Class.getMethodsRecursive(Ljava/lang/String;[Ljava/lang/Class;Z)Ljava/lang/PublicMethods$MethodList; java.base@17.0.7 (99 bytes) @ 0x000001df890032d4 [0x000001df89003280+0x0000000000000054]
J 2564 c1 java.lang.Class.getMethod(Ljava/lang/String;[Ljava/lang/Class;)Ljava/lang/reflect/Method; java.base@17.0.7 (59 bytes) @ 0x000001df890bc0a4 [0x000001df890bbfc0+0x00000000000000e4]
J 1814 c1 java.lang.Class.getEnumConstantsShared()[Ljava/lang/Object; java.base@17.0.7 (71 bytes) @ 0x000001df88f77ccc [0x000001df88f77b60+0x000000000000016c]
J 1843 c1 java.lang.System$2.getEnumConstantsShared(Ljava/lang/Class;)[Ljava/lang/Enum; java.base@17.0.7 (8 bytes) @ 0x000001df88f8145c [0x000001df88f81420+0x000000000000003c]
j  java.util.EnumMap.getKeyUniverse(Ljava/lang/Class;)[Ljava/lang/Enum;+4 java.base@17.0.7
j  java.util.EnumMap.<init>(Ljava/lang/Class;)V+16 java.base@17.0.7
j  org.hibernate.loader.ast.internal.SingleIdEntityLoaderStandardImpl.<init>(Lorg/hibernate/metamodel/mapping/EntityMappingType;Lorg/hibernate/engine/spi/SessionFactoryImplementor;Ljava/util/function/BiFunction;)V+13
j  org.hibernate.loader.ast.internal.SingleIdEntityLoaderStandardImpl.<init>(Lorg/hibernate/metamodel/mapping/EntityMappingType;Lorg/hibernate/engine/spi/SessionFactoryImplementor;)V+10
j  org.hibernate.persister.entity.AbstractEntityPersister.buildSingleIdEntityLoader(Lorg/hibernate/engine/spi/LoadQueryInfluencers;)Lorg/hibernate/loader/ast/spi/SingleIdEntityLoader;+54
j  org.hibernate.persister.entity.AbstractEntityPersister.buildSingleIdEntityLoader()Lorg/hibernate/loader/ast/spi/SingleIdEntityLoader;+35
j  org.hibernate.persister.entity.AbstractEntityPersister.prepareLoaders()V+2
j  org.hibernate.metamodel.model.domain.internal.MappingMetamodelImpl.finishInitialization(Lorg/hibernate/metamodel/spi/RuntimeModelCreationContext;)V+201
j  org.hibernate.internal.SessionFactoryImpl.initializeMappingModel(Lorg/hibernate/metamodel/model/domain/internal/MappingMetamodelImpl;Lorg/hibernate/boot/spi/BootstrapContext;Lorg/hibernate/boot/spi/MetadataImplementor;Lorg/hibernate/boot/spi/SessionFactoryOptions;)V+18
j  org.hibernate.internal.SessionFactoryImpl.<init>(Lorg/hibernate/boot/spi/MetadataImplementor;Lorg/hibernate/boot/spi/SessionFactoryOptions;Lorg/hibernate/boot/spi/BootstrapContext;)V+511
j  org.hibernate.boot.internal.SessionFactoryBuilderImpl.build()Lorg/hibernate/SessionFactory;+16
j  org.hibernate.jpa.boot.internal.EntityManagerFactoryBuilderImpl.build()Ljakarta/persistence/EntityManagerFactory;+22
j  org.springframework.orm.jpa.vendor.SpringHibernateJpaPersistenceProvider.createContainerEntityManagerFactory(Ljakarta/persistence/spi/PersistenceUnitInfo;Ljava/util/Map;)Ljakarta/persistence/EntityManagerFactory;+59
j  org.springframework.orm.jpa.LocalContainerEntityManagerFactoryBean.createNativeEntityManagerFactory()Ljakarta/persistence/EntityManagerFactory;+111
j  org.springframework.orm.jpa.AbstractEntityManagerFactoryBean.buildNativeEntityManagerFactory()Ljakarta/persistence/EntityManagerFactory;+1
j  org.springframework.orm.jpa.AbstractEntityManagerFactoryBean.afterPropertiesSet()V+192
j  org.springframework.orm.jpa.LocalContainerEntityManagerFactoryBean.afterPropertiesSet()V+84
j  org.springframework.beans.factory.support.AbstractAutowireCapableBeanFactory.invokeInitMethods(Ljava/lang/String;Ljava/lang/Object;Lorg/springframework/beans/factory/support/RootBeanDefinition;)V+56
j  org.springframework.beans.factory.support.AbstractAutowireCapableBeanFactory.initializeBean(Ljava/lang/String;Ljava/lang/Object;Lorg/springframework/beans/factory/support/RootBeanDefinition;)Ljava/lang/Object;+34
j  org.springframework.beans.factory.support.AbstractAutowireCapableBeanFactory.doCreateBean(Ljava/lang/String;Lorg/springframework/beans/factory/support/RootBeanDefinition;[Ljava/lang/Object;)Ljava/lang/Object;+228
j  org.springframework.beans.factory.support.AbstractAutowireCapableBeanFactory.createBean(Ljava/lang/String;Lorg/springframework/beans/factory/support/RootBeanDefinition;[Ljava/lang/Object;)Ljava/lang/Object;+153
j  org.springframework.beans.factory.support.AbstractBeanFactory.lambda$doGetBean$0(Ljava/lang/String;Lorg/springframework/beans/factory/support/RootBeanDefinition;[Ljava/lang/Object;)Ljava/lang/Object;+4
j  org.springframework.beans.factory.support.AbstractBeanFactory$$Lambda$338+0x0000000800de5330.getObject()Ljava/lang/Object;+16
j  org.springframework.beans.factory.support.DefaultSingletonBeanRegistry.getSingleton(Ljava/lang/String;Lorg/springframework/beans/factory/ObjectFactory;)Ljava/lang/Object;+114
J 2442 c1 org.springframework.beans.factory.support.AbstractBeanFactory.doGetBean(Ljava/lang/String;Ljava/lang/Class;[Ljava/lang/Object;Z)Ljava/lang/Object; (740 bytes) @ 0x000001df8907a844 [0x000001df8907a280+0x00000000000005c4]
j  org.springframework.beans.factory.support.AbstractBeanFactory.getBean(Ljava/lang/String;)Ljava/lang/Object;+5
j  org.springframework.context.support.AbstractApplicationContext.getBean(Ljava/lang/String;)Ljava/lang/Object;+9
j  org.springframework.context.support.AbstractApplicationContext.finishBeanFactoryInitialization(Lorg/springframework/beans/factory/config/ConfigurableListableBeanFactory;)V+106
j  org.springframework.context.support.AbstractApplicationContext.refresh()V+94
j  org.springframework.boot.web.servlet.context.ServletWebServerApplicationContext.refresh()V+1
j  org.springframework.boot.SpringApplication.refresh(Lorg/springframework/context/ConfigurableApplicationContext;)V+1
j  org.springframework.boot.SpringApplication.refreshContext(Lorg/springframework/context/ConfigurableApplicationContext;)V+16
j  org.springframework.boot.SpringApplication.run([Ljava/lang/String;)Lorg/springframework/context/ConfigurableApplicationContext;+110
j  org.springframework.boot.SpringApplication.run([Ljava/lang/Class;[Ljava/lang/String;)Lorg/springframework/context/ConfigurableApplicationContext;+9
j  org.springframework.boot.SpringApplication.run(Ljava/lang/Class;[Ljava/lang/String;)Lorg/springframework/context/ConfigurableApplicationContext;+9
j  com.example.test.TestApplication.main([Ljava/lang/String;)V+3
v  ~StubRoutines::call_stub

---------------  P R O C E S S  ---------------

Threads class SMR info:
_java_thread_list=0x000001df9117dd00, length=19, elements={
0x000001dfff8f74c0, 0x000001dfff9b7180, 0x000001dfff9b7f00, 0x000001df8fd5cc00,
0x000001df8fd5d980, 0x000001df8fd61260, 0x000001df8fd63b30, 0x000001df8fd644a0,
0x000001df8fd712c0, 0x000001dfff9a3250, 0x000001df90b5a610, 0x000001df90b5aae0,
0x000001df9102c780, 0x000001df926025d0, 0x000001df925e84b0, 0x000001df925f0aa0,
0x000001df9265a470, 0x000001df90f60030, 0x000001df911351c0
}

Java Threads: ( => current thread )
=>0x000001dfff8f74c0 JavaThread "main" [_thread_in_vm, id=12236, stack(0x0000005682a00000,0x0000005682b00000)]
  0x000001dfff9b7180 JavaThread "Reference Handler" daemon [_thread_blocked, id=10648, stack(0x0000005683100000,0x0000005683200000)]
  0x000001dfff9b7f00 JavaThread "Finalizer" daemon [_thread_blocked, id=11160, stack(0x0000005683200000,0x0000005683300000)]
  0x000001df8fd5cc00 JavaThread "Signal Dispatcher" daemon [_thread_blocked, id=9532, stack(0x0000005683300000,0x0000005683400000)]
  0x000001df8fd5d980 JavaThread "Attach Listener" daemon [_thread_blocked, id=9880, stack(0x0000005683400000,0x0000005683500000)]
  0x000001df8fd61260 JavaThread "Service Thread" daemon [_thread_blocked, id=6608, stack(0x0000005683500000,0x0000005683600000)]
  0x000001df8fd63b30 JavaThread "Monitor Deflation Thread" daemon [_thread_blocked, id=8240, stack(0x0000005683600000,0x0000005683700000)]
  0x000001df8fd644a0 JavaThread "C1 CompilerThread0" daemon [_thread_blocked, id=11668, stack(0x0000005683700000,0x0000005683800000)]
  0x000001df8fd712c0 JavaThread "Sweeper thread" daemon [_thread_blocked, id=12128, stack(0x0000005683800000,0x0000005683900000)]
  0x000001dfff9a3250 JavaThread "Common-Cleaner" daemon [_thread_blocked, id=4680, stack(0x0000005683900000,0x0000005683a00000)]
  0x000001df90b5a610 JavaThread "Monitor Ctrl-Break" daemon [_thread_in_native, id=5052, stack(0x0000005683a00000,0x0000005683b00000)]
  0x000001df90b5aae0 JavaThread "Notification Thread" daemon [_thread_blocked, id=5252, stack(0x0000005683b00000,0x0000005683c00000)]
  0x000001df9102c780 JavaThread "RMI TCP Accept-0" daemon [_thread_in_native, id=10900, stack(0x0000005683c00000,0x0000005683d00000)]
  0x000001df926025d0 JavaThread "Catalina-utility-1" [_thread_blocked, id=11144, stack(0x0000005684300000,0x0000005684400000)]
  0x000001df925e84b0 JavaThread "Catalina-utility-2" [_thread_blocked, id=4480, stack(0x0000005684400000,0x0000005684500000)]
  0x000001df925f0aa0 JavaThread "container-0" [_thread_blocked, id=7700, stack(0x0000005684500000,0x0000005684600000)]
  0x000001df9265a470 JavaThread "mysql-cj-abandoned-connection-cleanup" daemon [_thread_blocked, id=7412, stack(0x0000005684600000,0x0000005684700000)]
  0x000001df90f60030 JavaThread "HikariPool-1 housekeeper" daemon [_thread_blocked, id=4012, stack(0x0000005684800000,0x0000005684900000)]
  0x000001df911351c0 JavaThread "HikariPool-1 connection adder" daemon [_thread_blocked, id=11892, stack(0x0000005684900000,0x0000005684a00000)]

Other Threads:
  0x000001dfff9afda0 VMThread "VM Thread" [stack: 0x0000005683000000,0x0000005683100000] [id=12112]
  0x000001df90ff8c30 WatcherThread [stack: 0x0000005683d00000,0x0000005683e00000] [id=11788]
  0x000001dfff934c00 GCTaskThread "GC Thread#0" [stack: 0x0000005682b00000,0x0000005682c00000] [id=12180]
  0x000001df910190b0 GCTaskThread "GC Thread#1" [stack: 0x0000005683e00000,0x0000005683f00000] [id=3612]
  0x000001df91300950 GCTaskThread "GC Thread#2" [stack: 0x0000005683f00000,0x0000005684000000] [id=1556]
  0x000001df91025c40 GCTaskThread "GC Thread#3" [stack: 0x0000005684000000,0x0000005684100000] [id=11056]
  0x000001dfff93d7d0 ConcurrentGCThread "G1 Main Marker" [stack: 0x0000005682c00000,0x0000005682d00000] [id=804]
  0x000001dfff93e890 ConcurrentGCThread "G1 Conc#0" [stack: 0x0000005682d00000,0x0000005682e00000] [id=2448]
  0x000001dfff98d910 ConcurrentGCThread "G1 Refine#0" [stack: 0x0000005682e00000,0x0000005682f00000] [id=10832]
  0x000001df9103be60 ConcurrentGCThread "G1 Refine#1" [stack: 0x0000005684100000,0x0000005684200000] [id=10996]
  0x000001df91307430 ConcurrentGCThread "G1 Refine#2" [stack: 0x0000005684200000,0x0000005684300000] [id=4676]
  0x000001dfff98e240 ConcurrentGCThread "G1 Service" [stack: 0x0000005682f00000,0x0000005683000000] [id=11884]

Threads with active compile tasks:

VM state: not at safepoint (normal execution)

VM Mutex/Monitor currently owned by a thread:  ([mutex/lock_event])
[0x000001dfff8f2de0] Metaspace_lock - owner thread: 0x000001dfff8f74c0

Heap address: 0x00000000c1400000, size: 1004 MB, Compressed Oops mode: 32-bit

CDS archive(s) mapped at: [0x0000000800000000-0x0000000800bd0000-0x0000000800bd0000), size 12386304, SharedBaseAddress: 0x0000000800000000, ArchiveRelocationMode: 0.
Compressed class space mapped at: 0x0000000800c00000-0x0000000840c00000, reserved size: 1073741824
Narrow klass base: 0x0000000800000000, Narrow klass shift: 0, Narrow klass range: 0x100000000

GC Precious Log:
 CPUs: 4 total, 4 available
 Memory: 4014M
 Large Page Support: Disabled
 NUMA Support: Disabled
 Compressed Oops: Enabled (32-bit)
 Heap Region Size: 1M
 Heap Min Capacity: 8M
 Heap Initial Capacity: 64M
 Heap Max Capacity: 1004M
 Pre-touch: Disabled
 Parallel Workers: 4
 Concurrent Workers: 1
 Concurrent Refinement Workers: 4
 Periodic GC: Disabled

Heap:
 garbage-first heap   total 51200K, used 38542K [0x00000000c1400000, 0x0000000100000000)
  region size 1024K, 20 young (20480K), 3 survivors (3072K)
 Metaspace       used 48737K, committed 49152K, reserved 1097728K
  class space    used 6988K, committed 7168K, reserved 1048576K

Heap Regions: E=young(eden), S=young(survivor), O=old, HS=humongous(starts), HC=humongous(continues), CS=collection set, F=free, OA=open archive, CA=closed archive, TAMS=top-at-mark-start (previous, next)
|   0|0x00000000c1400000, 0x00000000c1500000, 0x00000000c1500000|100%|HS|  |TAMS 0x00000000c1500000, 0x00000000c1400000| Complete 
|   1|0x00000000c1500000, 0x00000000c1600000, 0x00000000c1600000|100%| O|  |TAMS 0x00000000c1600000, 0x00000000c1500000| Untracked 
|   2|0x00000000c1600000, 0x00000000c1700000, 0x00000000c1700000|100%| O|  |TAMS 0x00000000c1700000, 0x00000000c1600000| Untracked 
|   3|0x00000000c1700000, 0x00000000c1800000, 0x00000000c1800000|100%| O|  |TAMS 0x00000000c1800000, 0x00000000c1700000| Untracked 
|   4|0x00000000c1800000, 0x00000000c1900000, 0x00000000c1900000|100%| O|  |TAMS 0x00000000c1900000, 0x00000000c1800000| Untracked 
|   5|0x00000000c1900000, 0x00000000c1a00000, 0x00000000c1a00000|100%| O|  |TAMS 0x00000000c1a00000, 0x00000000c1900000| Untracked 
|   6|0x00000000c1a00000, 0x00000000c1b00000, 0x00000000c1b00000|100%| O|  |TAMS 0x00000000c1b00000, 0x00000000c1a00000| Untracked 
|   7|0x00000000c1b00000, 0x00000000c1c00000, 0x00000000c1c00000|100%| O|  |TAMS 0x00000000c1c00000, 0x00000000c1b00000| Untracked 
|   8|0x00000000c1c00000, 0x00000000c1d00000, 0x00000000c1d00000|100%| O|  |TAMS 0x00000000c1d00000, 0x00000000c1c00000| Untracked 
|   9|0x00000000c1d00000, 0x00000000c1e00000, 0x00000000c1e00000|100%| O|  |TAMS 0x00000000c1e00000, 0x00000000c1d00000| Untracked 
|  10|0x00000000c1e00000, 0x00000000c1edac00, 0x00000000c1f00000| 85%| O|  |TAMS 0x00000000c1edac00, 0x00000000c1e00000| Untracked 
|  11|0x00000000c1f00000, 0x00000000c2000000, 0x00000000c2000000|100%| O|  |TAMS 0x00000000c2000000, 0x00000000c1f00000| Untracked 
|  12|0x00000000c2000000, 0x00000000c2100000, 0x00000000c2100000|100%| O|  |TAMS 0x00000000c2100000, 0x00000000c2000000| Untracked 
|  13|0x00000000c2100000, 0x00000000c2200000, 0x00000000c2200000|100%| O|  |TAMS 0x00000000c2200000, 0x00000000c2100000| Untracked 
|  14|0x00000000c2200000, 0x00000000c2300000, 0x00000000c2300000|100%| O|  |TAMS 0x00000000c2300000, 0x00000000c2200000| Untracked 
|  15|0x00000000c2300000, 0x00000000c2400000, 0x00000000c2400000|100%| O|  |TAMS 0x00000000c2400000, 0x00000000c2300000| Untracked 
|  16|0x00000000c2400000, 0x00000000c2500000, 0x00000000c2500000|100%| O|  |TAMS 0x00000000c2450000, 0x00000000c2400000| Untracked 
|  17|0x00000000c2500000, 0x00000000c2600000, 0x00000000c2600000|100%| O|  |TAMS 0x00000000c2500000, 0x00000000c2500000| Untracked 
|  18|0x00000000c2600000, 0x00000000c2700000, 0x00000000c2700000|100%| O|  |TAMS 0x00000000c2600000, 0x00000000c2600000| Untracked 
|  19|0x00000000c2700000, 0x00000000c278a200, 0x00000000c2800000| 53%| O|  |TAMS 0x00000000c2700000, 0x00000000c2700000| Untracked 
|  20|0x00000000c2800000, 0x00000000c2800000, 0x00000000c2900000|  0%| F|  |TAMS 0x00000000c2800000, 0x00000000c2800000| Untracked 
|  21|0x00000000c2900000, 0x00000000c2900000, 0x00000000c2a00000|  0%| F|  |TAMS 0x00000000c2900000, 0x00000000c2900000| Untracked 
|  22|0x00000000c2a00000, 0x00000000c2a00000, 0x00000000c2b00000|  0%| F|  |TAMS 0x00000000c2a00000, 0x00000000c2a00000| Untracked 
|  23|0x00000000c2b00000, 0x00000000c2b00000, 0x00000000c2c00000|  0%| F|  |TAMS 0x00000000c2b00000, 0x00000000c2b00000| Untracked 
|  24|0x00000000c2c00000, 0x00000000c2c00000, 0x00000000c2d00000|  0%| F|  |TAMS 0x00000000c2c00000, 0x00000000c2c00000| Untracked 
|  25|0x00000000c2d00000, 0x00000000c2d00000, 0x00000000c2e00000|  0%| F|  |TAMS 0x00000000c2d00000, 0x00000000c2d00000| Untracked 
|  26|0x00000000c2e00000, 0x00000000c2e00000, 0x00000000c2f00000|  0%| F|  |TAMS 0x00000000c2e00000, 0x00000000c2e00000| Untracked 
|  27|0x00000000c2f00000, 0x00000000c2f00000, 0x00000000c3000000|  0%| F|  |TAMS 0x00000000c2f00000, 0x00000000c2f00000| Untracked 
|  28|0x00000000c3000000, 0x00000000c3000000, 0x00000000c3100000|  0%| F|  |TAMS 0x00000000c3000000, 0x00000000c3000000| Untracked 
|  29|0x00000000c3100000, 0x00000000c313edf0, 0x00000000c3200000| 24%| S|CS|TAMS 0x00000000c3100000, 0x00000000c3100000| Complete 
|  30|0x00000000c3200000, 0x00000000c3300000, 0x00000000c3300000|100%| S|CS|TAMS 0x00000000c3200000, 0x00000000c3200000| Complete 
|  31|0x00000000c3300000, 0x00000000c3400000, 0x00000000c3400000|100%| S|CS|TAMS 0x00000000c3300000, 0x00000000c3300000| Complete 
|  32|0x00000000c3400000, 0x00000000c3400000, 0x00000000c3500000|  0%| F|  |TAMS 0x00000000c3400000, 0x00000000c3400000| Untracked 
|  33|0x00000000c3500000, 0x00000000c35b12b0, 0x00000000c3600000| 69%| E|  |TAMS 0x00000000c3500000, 0x00000000c3500000| Complete 
|  34|0x00000000c3600000, 0x00000000c3700000, 0x00000000c3700000|100%| E|CS|TAMS 0x00000000c3600000, 0x00000000c3600000| Complete 
|  35|0x00000000c3700000, 0x00000000c3800000, 0x00000000c3800000|100%| E|CS|TAMS 0x00000000c3700000, 0x00000000c3700000| Complete 
|  36|0x00000000c3800000, 0x00000000c3900000, 0x00000000c3900000|100%| E|CS|TAMS 0x00000000c3800000, 0x00000000c3800000| Complete 
|  37|0x00000000c3900000, 0x00000000c3a00000, 0x00000000c3a00000|100%| E|CS|TAMS 0x00000000c3900000, 0x00000000c3900000| Complete 
|  38|0x00000000c3a00000, 0x00000000c3b00000, 0x00000000c3b00000|100%| E|CS|TAMS 0x00000000c3a00000, 0x00000000c3a00000| Complete 
|  39|0x00000000c3b00000, 0x00000000c3c00000, 0x00000000c3c00000|100%| E|CS|TAMS 0x00000000c3b00000, 0x00000000c3b00000| Complete 
|  40|0x00000000c3c00000, 0x00000000c3d00000, 0x00000000c3d00000|100%| E|CS|TAMS 0x00000000c3c00000, 0x00000000c3c00000| Complete 
|  41|0x00000000c3d00000, 0x00000000c3e00000, 0x00000000c3e00000|100%| E|CS|TAMS 0x00000000c3d00000, 0x00000000c3d00000| Complete 
|  42|0x00000000c3e00000, 0x00000000c3f00000, 0x00000000c3f00000|100%| E|CS|TAMS 0x00000000c3e00000, 0x00000000c3e00000| Complete 
|  43|0x00000000c3f00000, 0x00000000c4000000, 0x00000000c4000000|100%| E|CS|TAMS 0x00000000c3f00000, 0x00000000c3f00000| Complete 
|  44|0x00000000c4000000, 0x00000000c4100000, 0x00000000c4100000|100%| E|CS|TAMS 0x00000000c4000000, 0x00000000c4000000| Complete 
|  45|0x00000000c4100000, 0x00000000c4200000, 0x00000000c4200000|100%| E|CS|TAMS 0x00000000c4100000, 0x00000000c4100000| Complete 
|  59|0x00000000c4f00000, 0x00000000c5000000, 0x00000000c5000000|100%| E|CS|TAMS 0x00000000c4f00000, 0x00000000c4f00000| Complete 
|  60|0x00000000c5000000, 0x00000000c5100000, 0x00000000c5100000|100%| E|CS|TAMS 0x00000000c5000000, 0x00000000c5000000| Complete 
|  61|0x00000000c5100000, 0x00000000c5200000, 0x00000000c5200000|100%| E|CS|TAMS 0x00000000c5100000, 0x00000000c5100000| Complete 
|  76|0x00000000c6000000, 0x00000000c6100000, 0x00000000c6100000|100%| E|CS|TAMS 0x00000000c6000000, 0x00000000c6000000| Complete 

Card table byte_map: [0x000001dfff9c0000,0x000001dfffbc0000] _byte_map_base: 0x000001dfff3b6000

Marking Bits (Prev, Next): (CMBitMap*) 0x000001dfff935120, (CMBitMap*) 0x000001dfff935160
 Prev Bits: [0x000001df8bbc0000, 0x000001df8cb70000)
 Next Bits: [0x000001df8cb70000, 0x000001df8db20000)

Polling page: 0x000001dffeb10000

Metaspace:

Usage:
  Non-class:     40.77 MB used.
      Class:      6.82 MB used.
       Both:     47.59 MB used.

Virtual space:
  Non-class space:       48.00 MB reserved,      41.00 MB ( 85%) committed,  6 nodes.
      Class space:        1.00 GB reserved,       7.00 MB ( <1%) committed,  1 nodes.
             Both:        1.05 GB reserved,      48.00 MB (  4%) committed. 

Chunk freelists:
   Non-Class:  2.36 MB
       Class:  960.00 KB
        Both:  3.30 MB

MaxMetaspaceSize: unlimited
CompressedClassSpaceSize: 1.00 GB
Initial GC threshold: 21.00 MB
Current GC threshold: 59.00 MB
CDS: on
MetaspaceReclaimPolicy: balanced
 - commit_granule_bytes: 65536.
 - commit_granule_words: 8192.
 - virtual_space_node_default_size: 1048576.
 - enlarge_chunks_in_place: 1.
 - new_chunks_are_fully_committed: 0.
 - uncommit_free_chunks: 1.
 - use_allocation_guard: 0.
 - handle_deallocations: 1.


Internal statistics:

num_allocs_failed_limit: 6.
num_arena_births: 616.
num_arena_deaths: 0.
num_vsnodes_births: 7.
num_vsnodes_deaths: 0.
num_space_committed: 768.
num_space_uncommitted: 0.
num_chunks_returned_to_freelist: 6.
num_chunks_taken_from_freelist: 2342.
num_chunk_merges: 3.
num_chunk_splits: 1737.
num_chunks_enlarged: 1375.
num_purges: 0.
num_inconsistent_stats: 0.

CodeCache: size=49152Kb used=7193Kb max_used=7193Kb free=41958Kb
 bounds [0x000001df88bc0000, 0x000001df892d0000, 0x000001df8bbc0000]
 total_blobs=4510 nmethods=3903 adapters=535
 compilation: enabled
              stopped_count=0, restarted_count=0
 full_count=0

Compilation events (20 events):
Event: 8.636 Thread 0x000001df8fd644a0 3885       1       java.lang.invoke.MethodHandles$Lookup::makeHiddenClassDefiner (14 bytes)
Event: 8.636 Thread 0x000001df8fd644a0 nmethod 3885 0x000001df892be890 code [0x000001df892bea40, 0x000001df892bec48]
Event: 8.636 Thread 0x000001df8fd644a0 3886       1       java.lang.invoke.MethodHandles$Lookup$ClassFile::newInstanceNoCheck (11 bytes)
Event: 8.637 Thread 0x000001df8fd644a0 nmethod 3886 0x000001df892bed10 code [0x000001df892beea0, 0x000001df892bf038]
Event: 8.647 Thread 0x000001df8fd644a0 3888   !   1       java.lang.invoke.LambdaForm::lambdaName (49 bytes)
Event: 8.647 Thread 0x000001df8fd644a0 nmethod 3888 0x000001df892bf410 code [0x000001df892bf5a0, 0x000001df892bf678]
Event: 8.647 Thread 0x000001df8fd644a0 3893       1       java.lang.invoke.InvokerBytecodeGenerator::clinit (282 bytes)
Event: 8.649 Thread 0x000001df8fd644a0 nmethod 3893 0x000001df892bf710 code [0x000001df892bfa80, 0x000001df892c0438]
Event: 8.649 Thread 0x000001df8fd644a0 3889       1       java.lang.invoke.InvokerBytecodeGenerator::<init> (126 bytes)
Event: 8.650 Thread 0x000001df8fd644a0 nmethod 3889 0x000001df892c0a90 code [0x000001df892c0cc0, 0x000001df892c1668]
Event: 8.650 Thread 0x000001df8fd644a0 3890       1       java.lang.invoke.InvokerBytecodeGenerator::generateCustomizedCodeBytes (44 bytes)
Event: 8.650 Thread 0x000001df8fd644a0 nmethod 3890 0x000001df892c1a10 code [0x000001df892c1be0, 0x000001df892c1dd8]
Event: 8.650 Thread 0x000001df8fd644a0 3891       1       java.lang.invoke.InvokerBytecodeGenerator::classFilePrologue (63 bytes)
Event: 8.651 Thread 0x000001df8fd644a0 nmethod 3891 0x000001df892c1f90 code [0x000001df892c21a0, 0x000001df892c2658]
Event: 8.651 Thread 0x000001df8fd644a0 3892       1       jdk.internal.org.objectweb.asm.ClassWriter::visitSource (39 bytes)
Event: 8.651 Thread 0x000001df8fd644a0 nmethod 3892 0x000001df892c2890 code [0x000001df892c2a40, 0x000001df892c2d38]
Event: 8.700 Thread 0x000001df8fd644a0 3894       1       org.jboss.logging.Logger::join (112 bytes)
Event: 8.701 Thread 0x000001df8fd644a0 nmethod 3894 0x000001df892c4090 code [0x000001df892c42c0, 0x000001df892c4798]
Event: 8.702 Thread 0x000001df8fd644a0 3897       1       jdk.internal.misc.CDS::isDumpingClassList (4 bytes)
Event: 8.702 Thread 0x000001df8fd644a0 nmethod 3897 0x000001df892c5190 code [0x000001df892c5320, 0x000001df892c53d8]

GC Heap History (20 events):
Event: 2.338 GC heap before
{Heap before GC invocations=2 (full 0):
 garbage-first heap   total 65536K, used 27275K [0x00000000c1400000, 0x0000000100000000)
  region size 1024K, 20 young (20480K), 1 survivors (1024K)
 Metaspace       used 11182K, committed 11392K, reserved 1064960K
  class space    used 1519K, committed 1600K, reserved 1048576K
}
Event: 2.343 GC heap after
{Heap after GC invocations=3 (full 0):
 garbage-first heap   total 65536K, used 9236K [0x00000000c1400000, 0x0000000100000000)
  region size 1024K, 3 young (3072K), 3 survivors (3072K)
 Metaspace       used 11182K, committed 11392K, reserved 1064960K
  class space    used 1519K, committed 1600K, reserved 1048576K
}
Event: 2.972 GC heap before
{Heap before GC invocations=3 (full 0):
 garbage-first heap   total 65536K, used 40980K [0x00000000c1400000, 0x0000000100000000)
  region size 1024K, 34 young (34816K), 3 survivors (3072K)
 Metaspace       used 17713K, committed 17984K, reserved 1064960K
  class space    used 2345K, committed 2496K, reserved 1048576K
}
Event: 2.980 GC heap after
{Heap after GC invocations=4 (full 0):
 garbage-first heap   total 65536K, used 11492K [0x00000000c1400000, 0x0000000100000000)
  region size 1024K, 5 young (5120K), 5 survivors (5120K)
 Metaspace       used 17713K, committed 17984K, reserved 1064960K
  class space    used 2345K, committed 2496K, reserved 1048576K
}
Event: 3.886 GC heap before
{Heap before GC invocations=4 (full 0):
 garbage-first heap   total 65536K, used 41188K [0x00000000c1400000, 0x0000000100000000)
  region size 1024K, 35 young (35840K), 5 survivors (5120K)
 Metaspace       used 20890K, committed 21184K, reserved 1073152K
  class space    used 2815K, committed 2944K, reserved 1048576K
}
Event: 3.897 GC heap after
{Heap after GC invocations=5 (full 0):
 garbage-first heap   total 65536K, used 13863K [0x00000000c1400000, 0x0000000100000000)
  region size 1024K, 5 young (5120K), 5 survivors (5120K)
 Metaspace       used 20890K, committed 21184K, reserved 1073152K
  class space    used 2815K, committed 2944K, reserved 1048576K
}
Event: 3.969 GC heap before
{Heap before GC invocations=5 (full 0):
 garbage-first heap   total 65536K, used 14887K [0x00000000c1400000, 0x0000000100000000)
  region size 1024K, 7 young (7168K), 5 survivors (5120K)
 Metaspace       used 21235K, committed 21504K, reserved 1073152K
  class space    used 2872K, committed 3008K, reserved 1048576K
}
Event: 3.983 GC heap after
{Heap after GC invocations=6 (full 0):
 garbage-first heap   total 78848K, used 14187K [0x00000000c1400000, 0x0000000100000000)
  region size 1024K, 3 young (3072K), 3 survivors (3072K)
 Metaspace       used 21235K, committed 21504K, reserved 1073152K
  class space    used 2872K, committed 3008K, reserved 1048576K
}
Event: 4.917 GC heap before
{Heap before GC invocations=7 (full 0):
 garbage-first heap   total 51200K, used 41835K [0x00000000c1400000, 0x0000000100000000)
  region size 1024K, 30 young (30720K), 3 survivors (3072K)
 Metaspace       used 25349K, committed 25728K, reserved 1073152K
  class space    used 3545K, committed 3712K, reserved 1048576K
}
Event: 4.934 GC heap after
{Heap after GC invocations=8 (full 0):
 garbage-first heap   total 51200K, used 16575K [0x00000000c1400000, 0x0000000100000000)
  region size 1024K, 3 young (3072K), 3 survivors (3072K)
 Metaspace       used 25349K, committed 25728K, reserved 1073152K
  class space    used 3545K, committed 3712K, reserved 1048576K
}
Event: 5.629 GC heap before
{Heap before GC invocations=8 (full 0):
 garbage-first heap   total 51200K, used 37055K [0x00000000c1400000, 0x0000000100000000)
  region size 1024K, 23 young (23552K), 3 survivors (3072K)
 Metaspace       used 28684K, committed 29056K, reserved 1081344K
  class space    used 3963K, committed 4160K, reserved 1048576K
}
Event: 5.639 GC heap after
{Heap after GC invocations=9 (full 0):
 garbage-first heap   total 51200K, used 18014K [0x00000000c1400000, 0x0000000100000000)
  region size 1024K, 2 young (2048K), 2 survivors (2048K)
 Metaspace       used 28684K, committed 29056K, reserved 1081344K
  class space    used 3963K, committed 4160K, reserved 1048576K
}
Event: 6.370 GC heap before
{Heap before GC invocations=9 (full 0):
 garbage-first heap   total 51200K, used 37470K [0x00000000c1400000, 0x0000000100000000)
  region size 1024K, 21 young (21504K), 2 survivors (2048K)
 Metaspace       used 32675K, committed 33088K, reserved 1081344K
  class space    used 4618K, committed 4800K, reserved 1048576K
}
Event: 6.374 GC heap after
{Heap after GC invocations=10 (full 0):
 garbage-first heap   total 51200K, used 18685K [0x00000000c1400000, 0x0000000100000000)
  region size 1024K, 3 young (3072K), 3 survivors (3072K)
 Metaspace       used 32675K, committed 33088K, reserved 1081344K
  class space    used 4618K, committed 4800K, reserved 1048576K
}
Event: 6.781 GC heap before
{Heap before GC invocations=10 (full 0):
 garbage-first heap   total 51200K, used 29949K [0x00000000c1400000, 0x0000000100000000)
  region size 1024K, 15 young (15360K), 3 survivors (3072K)
 Metaspace       used 35655K, committed 36096K, reserved 1081344K
  class space    used 4976K, committed 5184K, reserved 1048576K
}
Event: 6.787 GC heap after
{Heap after GC invocations=11 (full 0):
 garbage-first heap   total 51200K, used 19889K [0x00000000c1400000, 0x0000000100000000)
  region size 1024K, 2 young (2048K), 2 survivors (2048K)
 Metaspace       used 35655K, committed 36096K, reserved 1081344K
  class space    used 4976K, committed 5184K, reserved 1048576K
}
Event: 7.506 GC heap before
{Heap before GC invocations=12 (full 0):
 garbage-first heap   total 51200K, used 39345K [0x00000000c1400000, 0x0000000100000000)
  region size 1024K, 21 young (21504K), 2 survivors (2048K)
 Metaspace       used 39970K, committed 40448K, reserved 1089536K
  class space    used 5600K, committed 5824K, reserved 1048576K
}
Event: 7.511 GC heap after
{Heap after GC invocations=13 (full 0):
 garbage-first heap   total 51200K, used 21495K [0x00000000c1400000, 0x0000000100000000)
  region size 1024K, 3 young (3072K), 3 survivors (3072K)
 Metaspace       used 39970K, committed 40448K, reserved 1089536K
  class space    used 5600K, committed 5824K, reserved 1048576K
}
Event: 8.152 GC heap before
{Heap before GC invocations=13 (full 0):
 garbage-first heap   total 51200K, used 38903K [0x00000000c1400000, 0x0000000100000000)
  region size 1024K, 21 young (21504K), 3 survivors (3072K)
 Metaspace       used 45322K, committed 45824K, reserved 1089536K
  class space    used 6369K, committed 6592K, reserved 1048576K
}
Event: 8.158 GC heap after
{Heap after GC invocations=14 (full 0):
 garbage-first heap   total 51200K, used 22158K [0x00000000c1400000, 0x0000000100000000)
  region size 1024K, 3 young (3072K), 3 survivors (3072K)
 Metaspace       used 45322K, committed 45824K, reserved 1089536K
  class space    used 6369K, committed 6592K, reserved 1048576K
}

Deoptimization events (10 events):
Event: 3.062 Thread 0x000001dfff8f74c0 DEOPT PACKING pc=0x000001df88fa0319 sp=0x0000005682afd120
Event: 3.062 Thread 0x000001dfff8f74c0 DEOPT UNPACKING pc=0x000001df88c12b24 sp=0x0000005682afc600 mode 3
Event: 3.488 Thread 0x000001dfff8f74c0 DEOPT PACKING pc=0x000001df890b63d5 sp=0x0000005682afeb20
Event: 3.488 Thread 0x000001dfff8f74c0 DEOPT UNPACKING pc=0x000001df88c12b24 sp=0x0000005682afdfc8 mode 3
Event: 5.241 Thread 0x000001dfff8f74c0 DEOPT PACKING pc=0x000001df891d971d sp=0x0000005682afc840
Event: 5.241 Thread 0x000001dfff8f74c0 DEOPT UNPACKING pc=0x000001df88c12b24 sp=0x0000005682afbda8 mode 3
Event: 5.326 Thread 0x000001df926025d0 DEOPT PACKING pc=0x000001df88f48297 sp=0x00000056843fec80
Event: 5.326 Thread 0x000001df926025d0 DEOPT UNPACKING pc=0x000001df88c12b24 sp=0x00000056843fe0d8 mode 3
Event: 5.326 Thread 0x000001df925e84b0 DEOPT PACKING pc=0x000001df88fa8101 sp=0x00000056844fede0
Event: 5.326 Thread 0x000001df925e84b0 DEOPT UNPACKING pc=0x000001df88c12b24 sp=0x00000056844fe278 mode 3

Classes unloaded (0 events):
No events

Classes redefined (0 events):
No events

Internal exceptions (20 events):
Event: 5.123 Thread 0x000001dfff8f74c0 Exception <a 'java/io/FileNotFoundException'{0x00000000c41e38d8}> (0x00000000c41e38d8) 
thrown [s\open\src\hotspot\share\prims\jni.cpp, line 516]
Event: 5.124 Thread 0x000001dfff8f74c0 Exception <a 'java/io/FileNotFoundException'{0x00000000c41e4e08}> (0x00000000c41e4e08) 
thrown [s\open\src\hotspot\share\prims\jni.cpp, line 516]
Event: 5.171 Thread 0x000001dfff8f74c0 Exception <a 'java/lang/NoSuchMethodError'{0x00000000c3f965d0}: 'int java.lang.invoke.DirectMethodHandle$Holder.invokeInterface(java.lang.Object, java.lang.Object, java.lang.Object, java.lang.Object)'> (0x00000000c3f965d0) 
thrown [s\open\src\hotspot\share\interpreter\linkResolver.cpp, line 759]
Event: 5.295 Thread 0x000001dfff8f74c0 Exception <a 'java/lang/NoSuchMethodError'{0x00000000c3dd4b18}: 'long java.lang.invoke.DirectMethodHandle$Holder.invokeVirtual(java.lang.Object, java.lang.Object)'> (0x00000000c3dd4b18) 
thrown [s\open\src\hotspot\share\interpreter\linkResolver.cpp, line 759]
Event: 5.467 Thread 0x000001dfff8f74c0 Exception <a 'sun/nio/fs/WindowsException'{0x00000000c36b92a8}> (0x00000000c36b92a8) 
thrown [s\open\src\hotspot\share\prims\jni.cpp, line 516]
Event: 6.493 Thread 0x000001dfff8f74c0 Exception <a 'java/lang/NoSuchMethodError'{0x00000000c4f463d8}: 'int java.lang.invoke.DirectMethodHandle$Holder.invokeStatic(java.lang.Object)'> (0x00000000c4f463d8) 
thrown [s\open\src\hotspot\share\interpreter\linkResolver.cpp, line 759]
Event: 7.094 Thread 0x000001dfff8f74c0 Exception <a 'java/lang/NoSuchMethodError'{0x00000000c3fa7008}: 'java.lang.Object java.lang.invoke.DirectMethodHandle$Holder.invokeStaticInit(java.lang.Object, java.lang.Object, java.lang.Object, java.lang.Object)'> (0x00000000c3fa7008) 
thrown [s\open\src\hotspot\share\interpreter\linkResolver.cpp, line 759]
Event: 7.703 Thread 0x000001dfff8f74c0 Exception <a 'java/lang/IncompatibleClassChangeError'{0x00000000c3f850e0}: Found class java.lang.Object, but interface was expected> (0x00000000c3f850e0) 
thrown [s\open\src\hotspot\share\interpreter\linkResolver.cpp, line 826]
Event: 7.739 Thread 0x000001dfff8f74c0 Exception <a 'java/lang/NoSuchMethodError'{0x00000000c3e71460}: 'java.lang.Object java.lang.invoke.DirectMethodHandle$Holder.invokeStatic(java.lang.Object, java.lang.Object, int, java.lang.Object)'> (0x00000000c3e71460) 
thrown [s\open\src\hotspot\share\interpreter\linkResolver.cpp, line 759]
Event: 7.739 Thread 0x000001dfff8f74c0 Exception <a 'java/lang/NoSuchMethodError'{0x00000000c3e74ef8}: 'java.lang.Object java.lang.invoke.DirectMethodHandle$Holder.invokeStaticInit(java.lang.Object, java.lang.Object, int, java.lang.Object)'> (0x00000000c3e74ef8) 
thrown [s\open\src\hotspot\share\interpreter\linkResolver.cpp, line 759]
Event: 8.612 Thread 0x000001dfff8f74c0 Exception <a 'java/lang/NoSuchMethodError'{0x00000000c39dd908}: 'void java.lang.invoke.DirectMethodHandle$Holder.invokeInterface(java.lang.Object, java.lang.Object, int, java.lang.Object)'> (0x00000000c39dd908) 
thrown [s\open\src\hotspot\share\interpreter\linkResolver.cpp, line 759]
Event: 8.618 Thread 0x000001dfff8f74c0 Exception <a 'java/lang/NoSuchMethodError'{0x00000000c3808290}: 'java.lang.Object java.lang.invoke.DirectMethodHandle$Holder.newInvokeSpecial(java.lang.Object, java.lang.Object, int, java.lang.Object)'> (0x00000000c3808290) 
thrown [s\open\src\hotspot\share\interpreter\linkResolver.cpp, line 759]
Event: 8.618 Thread 0x000001dfff8f74c0 Exception <a 'java/lang/NoSuchMethodError'{0x00000000c380be58}: 'java.lang.Object java.lang.invoke.Invokers$Holder.linkToTargetMethod(java.lang.Object, int, java.lang.Object, java.lang.Object)'> (0x00000000c380be58) 
thrown [s\open\src\hotspot\share\interpreter\linkResolver.cpp, line 759]
Event: 8.647 Thread 0x000001dfff8f74c0 Exception <a 'java/lang/NoSuchMethodError'{0x00000000c38c8268}: 'java.lang.Object java.lang.invoke.DirectMethodHandle$Holder.newInvokeSpecial(java.lang.Object, java.lang.Object, int)'> (0x00000000c38c8268) 
thrown [s\open\src\hotspot\share\interpreter\linkResolver.cpp, line 759]
Event: 8.647 Thread 0x000001dfff8f74c0 Exception <a 'java/lang/IncompatibleClassChangeError'{0x00000000c38cbf30}: Found class java.lang.Object, but interface was expected> (0x00000000c38cbf30) 
thrown [s\open\src\hotspot\share\interpreter\linkResolver.cpp, line 826]
Event: 8.702 Thread 0x000001dfff8f74c0 Exception <a 'java/lang/NoSuchMethodError'{0x00000000c3640c50}: 'int java.lang.invoke.DirectMethodHandle$Holder.invokeStatic(java.lang.Object, int, java.lang.Object)'> (0x00000000c3640c50) 
thrown [s\open\src\hotspot\share\interpreter\linkResolver.cpp, line 759]
Event: 8.706 Thread 0x000001dfff8f74c0 Exception <a 'java/lang/NoSuchMethodError'{0x00000000c36636c0}: 'java.lang.Object java.lang.invoke.DirectMethodHandle$Holder.newInvokeSpecial(java.lang.Object, java.lang.Object, java.lang.Object, java.lang.Object, java.lang.Object, int, java.lang.Object)'> (0x00000000c36636c0) 
thrown [s\open\src\hotspot\share\interpreter\linkResolver.cpp, line 759]
Event: 8.712 Thread 0x000001dfff8f74c0 Exception <a 'java/lang/NoSuchMethodError'{0x00000000c369e870}: 'java.lang.Object java.lang.invoke.DirectMethodHandle$Holder.newInvokeSpecial(java.lang.Object, java.lang.Object, java.lang.Object, java.lang.Object, java.lang.Object, java.lang.Object, java.lang.Object, java.lang.Object, java.lang.Object, java.lang.Object, java.lang.Object, java.lang.Object)'> (0x00000000c369e870) 
thrown [s\open\src\hotspot\share\interpreter\linkResolver.cpp, line 759]
Event: 8.713 Thread 0x000001dfff8f74c0 Exception <a 'java/lang/NoSuchMethodError'{0x00000000c36a3308}: 'java.lang.Object java.lang.invoke.DirectMethodHandle$Holder.invokeSpecial(java.lang.Object, java.lang.Object, java.lang.Object, java.lang.Object, java.lang.Object, java.lang.Object, java.lang.Object, java.lang.Object, java.lang.Object, java.lang.Object, java.lang.Object, java.lang.Object, java.lang.Object)'> (0x00000000c36a3308) 
thrown [s\open\src\hotspot\share\interpreter\linkResolver.cpp, line 759]
Event: 8.713 Thread 0x000001dfff8f74c0 Exception <a 'java/lang/NoSuchMethodError'{0x00000000c36a7a20}: 'java.lang.Object java.lang.invoke.Invokers$Holder.linkToTargetMethod(java.lang.Object, java.lang.Object, java.lang.Object, java.lang.Object, java.lang.Object, java.lang.Object, java.lang.Object, java.lang.Object, java.lang.Object, java.lang.Object, java.lang.Object, java.lang.Object)'> (0x00000000c36a7a20) 
thrown [s\open\src\hotspot\share\interpreter\linkResolver.cpp, line 759]

VM Operations (20 events):
Event: 5.365 Executing VM operation: HandshakeAllThreads
Event: 5.365 Executing VM operation: HandshakeAllThreads done
Event: 5.404 Executing VM operation: HandshakeAllThreads
Event: 5.404 Executing VM operation: HandshakeAllThreads done
Event: 5.629 Executing VM operation: G1CollectForAllocation
Event: 5.639 Executing VM operation: G1CollectForAllocation done
Event: 6.370 Executing VM operation: G1CollectForAllocation
Event: 6.375 Executing VM operation: G1CollectForAllocation done
Event: 6.776 Executing VM operation: HandshakeAllThreads
Event: 6.776 Executing VM operation: HandshakeAllThreads done
Event: 6.781 Executing VM operation: CollectForMetadataAllocation
Event: 6.788 Executing VM operation: CollectForMetadataAllocation done
Event: 6.830 Executing VM operation: G1Concurrent
Event: 6.848 Executing VM operation: G1Concurrent done
Event: 6.867 Executing VM operation: G1Concurrent
Event: 6.867 Executing VM operation: G1Concurrent done
Event: 7.506 Executing VM operation: G1CollectForAllocation
Event: 7.511 Executing VM operation: G1CollectForAllocation done
Event: 8.152 Executing VM operation: G1CollectForAllocation
Event: 8.158 Executing VM operation: G1CollectForAllocation done

Events (20 events):
Event: 7.449 loading class java/util/stream/ReduceOps$1ReducingSink
Event: 7.449 loading class java/util/stream/ReduceOps$1ReducingSink done
Event: 7.537 loading class javax/naming/RefAddr
Event: 7.538 loading class javax/naming/RefAddr done
Event: 7.538 loading class javax/naming/StringRefAddr
Event: 7.538 loading class javax/naming/StringRefAddr done
Event: 7.584 loading class java/util/concurrent/CompletionStage
Event: 7.584 loading class java/util/concurrent/CompletionStage done
Event: 7.585 loading class java/util/concurrent/CompletableFuture
Event: 7.587 loading class java/util/concurrent/CompletableFuture done
Event: 7.587 loading class java/util/concurrent/CompletableFuture$AltResult
Event: 7.587 loading class java/util/concurrent/CompletableFuture$AltResult done
Event: 7.588 loading class java/util/concurrent/CompletableFuture$Completion
Event: 7.588 loading class java/util/concurrent/CompletableFuture$AsynchronousCompletionTask
Event: 7.588 loading class java/util/concurrent/CompletableFuture$AsynchronousCompletionTask done
Event: 7.590 loading class java/util/concurrent/CompletableFuture$Completion done
Event: 7.687 loading class java/util/concurrent/CancellationException
Event: 7.687 loading class java/util/concurrent/CancellationException done
Event: 8.419 loading class java/lang/reflect/AnnotatedArrayType
Event: 8.419 loading class java/lang/reflect/AnnotatedArrayType done


Dynamic libraries:
0x00007ff771670000 - 0x00007ff771680000 	C:\Program Files\Java\jdk-17\bin\java.exe
0x00007ffe33070000 - 0x00007ffe33268000 	C:\Windows\SYSTEM32\ntdll.dll
0x00007ffe32100000 - 0x00007ffe321bd000 	C:\Windows\System32\KERNEL32.DLL
0x00007ffe30b30000 - 0x00007ffe30e26000 	C:\Windows\System32\KERNELBASE.dll
0x00007ffe30720000 - 0x00007ffe30820000 	C:\Windows\System32\ucrtbase.dll
0x00007ffe08220000 - 0x00007ffe08239000 	C:\Program Files\Java\jdk-17\bin\jli.dll
0x00007ffe32e40000 - 0x00007ffe32ef0000 	C:\Windows\System32\ADVAPI32.dll
0x00007ffe31150000 - 0x00007ffe311ee000 	C:\Windows\System32\msvcrt.dll
0x00007ffe32890000 - 0x00007ffe32930000 	C:\Windows\System32\sechost.dll
0x00007ffe31fd0000 - 0x00007ffe320f3000 	C:\Windows\System32\RPCRT4.dll
0x00007ffe308c0000 - 0x00007ffe308e7000 	C:\Windows\System32\bcrypt.dll
0x00007ffe319e0000 - 0x00007ffe31b7f000 	C:\Windows\System32\USER32.dll
0x00007ffe30ea0000 - 0x00007ffe30ec2000 	C:\Windows\System32\win32u.dll
0x00007ffe321c0000 - 0x00007ffe321eb000 	C:\Windows\System32\GDI32.dll
0x00007ffe30ed0000 - 0x00007ffe30fe7000 	C:\Windows\System32\gdi32full.dll
0x00007ffe30820000 - 0x00007ffe308bd000 	C:\Windows\System32\msvcp_win.dll
0x00007ffe1f1e0000 - 0x00007ffe1f47a000 	C:\Windows\WinSxS\amd64_microsoft.windows.common-controls_6595b64144ccf1df_6.0.19041.3636_none_60b6a03d71f818d5\COMCTL32.dll
0x00007ffdf9480000 - 0x00007ffdf949b000 	C:\Program Files\Java\jdk-17\bin\VCRUNTIME140.dll
0x00007ffe21230000 - 0x00007ffe2123a000 	C:\Windows\SYSTEM32\VERSION.dll
0x00007ffe32280000 - 0x00007ffe322b2000 	C:\Windows\System32\IMM32.DLL
0x00007ffe09910000 - 0x00007ffe0991c000 	C:\Program Files\Java\jdk-17\bin\vcruntime140_1.dll
0x00007ffde1750000 - 0x00007ffde17de000 	C:\Program Files\Java\jdk-17\bin\msvcp140.dll
0x00007ffddc350000 - 0x00007ffddcf2d000 	C:\Program Files\Java\jdk-17\bin\server\jvm.dll
0x00007ffe32ef0000 - 0x00007ffe32ef8000 	C:\Windows\System32\PSAPI.DLL
0x00007ffe25db0000 - 0x00007ffe25db9000 	C:\Windows\SYSTEM32\WSOCK32.dll
0x00007ffe32820000 - 0x00007ffe3288b000 	C:\Windows\System32\WS2_32.dll
0x00007ffe1d1a0000 - 0x00007ffe1d1c7000 	C:\Windows\SYSTEM32\WINMM.dll
0x00007ffe2e5b0000 - 0x00007ffe2e5c2000 	C:\Windows\SYSTEM32\kernel.appcore.dll
0x00007ffe08210000 - 0x00007ffe0821a000 	C:\Program Files\Java\jdk-17\bin\jimage.dll
0x00007ffe213b0000 - 0x00007ffe21594000 	C:\Windows\SYSTEM32\DBGHELP.DLL
0x00007ffe20b60000 - 0x00007ffe20b94000 	C:\Windows\SYSTEM32\dbgcore.DLL
0x00007ffe30940000 - 0x00007ffe309c2000 	C:\Windows\System32\bcryptPrimitives.dll
0x00007ffe2dec0000 - 0x00007ffe2dece000 	C:\Program Files\Java\jdk-17\bin\instrument.dll
0x00007ffde1550000 - 0x00007ffde1575000 	C:\Program Files\Java\jdk-17\bin\java.dll
0x00007ffde1310000 - 0x00007ffde13e7000 	C:\Program Files\Java\jdk-17\bin\jsvml.dll
0x00007ffe311f0000 - 0x00007ffe3195b000 	C:\Windows\System32\SHELL32.dll
0x00007ffe2e7b0000 - 0x00007ffe2ef4e000 	C:\Windows\SYSTEM32\windows.storage.dll
0x00007ffe31b80000 - 0x00007ffe31ed3000 	C:\Windows\System32\combase.dll
0x00007ffe30080000 - 0x00007ffe300ae000 	C:\Windows\SYSTEM32\Wldp.dll
0x00007ffe32cb0000 - 0x00007ffe32d7d000 	C:\Windows\System32\OLEAUT32.dll
0x00007ffe310a0000 - 0x00007ffe3114d000 	C:\Windows\System32\SHCORE.dll
0x00007ffe32de0000 - 0x00007ffe32e35000 	C:\Windows\System32\shlwapi.dll
0x00007ffe30650000 - 0x00007ffe30673000 	C:\Windows\SYSTEM32\profapi.dll
0x00007ffde1530000 - 0x00007ffde1548000 	C:\Program Files\Java\jdk-17\bin\zip.dll
0x00007ffdf9460000 - 0x00007ffdf9479000 	C:\Program Files\Java\jdk-17\bin\net.dll
0x00007ffe26a60000 - 0x00007ffe26b6a000 	C:\Windows\SYSTEM32\WINHTTP.dll
0x00007ffe2fde0000 - 0x00007ffe2fe4a000 	C:\Windows\system32\mswsock.dll
0x00007ffde1730000 - 0x00007ffde1746000 	C:\Program Files\Java\jdk-17\bin\nio.dll
0x00007ffe2de90000 - 0x00007ffe2deaa000 	C:\Program Files\JetBrains\IntelliJ IDEA 2023.3.6\bin\breakgen64.dll
0x00007ffe2fb00000 - 0x00007ffe2fbcb000 	C:\Windows\SYSTEM32\DNSAPI.dll
0x00007ffe2fac0000 - 0x00007ffe2fafb000 	C:\Windows\SYSTEM32\IPHLPAPI.DLL
0x00007ffe322c0000 - 0x00007ffe322c8000 	C:\Windows\System32\NSI.dll
0x00007ffe25d50000 - 0x00007ffe25d5a000 	C:\Windows\System32\rasadhlp.dll
0x00007ffe25e60000 - 0x00007ffe25ee0000 	C:\Windows\System32\fwpuclnt.dll
0x00007ffe2c390000 - 0x00007ffe2c39a000 	C:\Program Files\Java\jdk-17\bin\management.dll
0x00007ffe2c0d0000 - 0x00007ffe2c0db000 	C:\Program Files\Java\jdk-17\bin\management_ext.dll
0x00007ffe2ffe0000 - 0x00007ffe2fff8000 	C:\Windows\SYSTEM32\CRYPTSP.dll
0x00007ffe2f700000 - 0x00007ffe2f734000 	C:\Windows\system32\rsaenh.dll
0x00007ffe30610000 - 0x00007ffe3063e000 	C:\Windows\SYSTEM32\USERENV.dll
0x00007ffe2ffd0000 - 0x00007ffe2ffdc000 	C:\Windows\SYSTEM32\CRYPTBASE.dll
0x00007ffe26da0000 - 0x00007ffe26db7000 	C:\Windows\SYSTEM32\dhcpcsvc6.DLL
0x00007ffe276c0000 - 0x00007ffe276dd000 	C:\Windows\SYSTEM32\dhcpcsvc.DLL
0x00007ffe1d3a0000 - 0x00007ffe1d3b7000 	C:\Windows\system32\napinsp.dll
0x00007ffe1d380000 - 0x00007ffe1d39b000 	C:\Windows\system32\pnrpnsp.dll
0x00007ffe2b580000 - 0x00007ffe2b595000 	C:\Windows\system32\wshbth.dll
0x00007ffe2c0a0000 - 0x00007ffe2c0bd000 	C:\Windows\system32\NLAapi.dll
0x00007ffe1d360000 - 0x00007ffe1d372000 	C:\Windows\System32\winrnr.dll
0x00007ffe2c0c0000 - 0x00007ffe2c0cd000 	C:\Program Files\Java\jdk-17\bin\sunmscapi.dll
0x00007ffe309d0000 - 0x00007ffe30b2e000 	C:\Windows\System32\CRYPT32.dll
0x00007ffe300f0000 - 0x00007ffe30118000 	C:\Windows\SYSTEM32\ncrypt.dll
0x00007ffe300b0000 - 0x00007ffe300eb000 	C:\Windows\SYSTEM32\NTASN1.dll
0x00007ffde1520000 - 0x00007ffde1530000 	C:\Program Files\Java\jdk-17\bin\verify.dll

dbghelp: loaded successfully - version: 4.0.5 - missing functions: none
symbol engine: initialized successfully - sym options: 0x614 - pdb path: .;C:\Program Files\Java\jdk-17\bin;C:\Windows\SYSTEM32;C:\Windows\WinSxS\amd64_microsoft.windows.common-controls_6595b64144ccf1df_6.0.19041.3636_none_60b6a03d71f818d5;C:\Program Files\Java\jdk-17\bin\server;C:\Program Files\JetBrains\IntelliJ IDEA 2023.3.6\bin

VM Arguments:
jvm_args: -XX:TieredStopAtLevel=1 -Dspring.output.ansi.enabled=always -Dcom.sun.management.jmxremote -Dspring.jmx.enabled=true -Dspring.liveBeansView.mbeanDomain -Dspring.application.admin.enabled=true -Dmanagement.endpoints.jmx.exposure.include=* -javaagent:C:\Program Files\JetBrains\IntelliJ IDEA 2023.3.6\lib\idea_rt.jar=51526:C:\Program Files\JetBrains\IntelliJ IDEA 2023.3.6\bin -Dfile.encoding=UTF-8 
java_command: com.example.test.TestApplication
java_class_path (initial): C:\Users\ahr63\IdeaProjects\demo\test\build\classes\java\main;C:\Users\ahr63\IdeaProjects\demo\test\build\resources\main;C:\Users\ahr63\.gradle\caches\modules-2\files-2.1\org.projectlombok\lombok\1.18.32\17d46b3e205515e1e8efd3ee4d57ce8018914163\lombok-1.18.32.jar;C:\Users\ahr63\.gradle\caches\modules-2\files-2.1\org.springframework.boot\spring-boot-starter-data-jpa\3.2.5\99c1272c135f1c44b0c94ed0b65dca9b201323b7\spring-boot-starter-data-jpa-3.2.5.jar;C:\Users\ahr63\.gradle\caches\modules-2\files-2.1\org.springframework.boot\spring-boot-starter-web\3.2.5\664d75553c6af42122d4db645f4924a95084e382\spring-boot-starter-web-3.2.5.jar;C:\Users\ahr63\.gradle\caches\modules-2\files-2.1\org.springframework.boot\spring-boot-starter-aop\3.2.5\1c6c5d81e6c7f8b3e255c9e384153e9f52a93d1b\spring-boot-starter-aop-3.2.5.jar;C:\Users\ahr63\.gradle\caches\modules-2\files-2.1\org.springframework.boot\spring-boot-starter-jdbc\3.2.5\2fc156645b02bef43dcd4e697ae6f4ba9388a978\spring-boot-starter-jdbc-3.2.5.jar;C:\Users\ahr63\.gradle\caches\modules-2\files-2.1\org.hibernate.orm\hibernate-core\6.4.4.Final\5c9decb3c5a70bf7801d41fc32633416c26be069\hibernate-core-6.4.4.Final.jar;C:\Users\ahr63\.gradle\caches\modules-2\files-2.1\org.springframework.data\spring-data-jpa\3.2.5\f5c674caedc0132c7865b9a2edaa04b8f5351262\spring-data-jpa-3.2.5.jar;C:\Users\ahr63\.gradle\caches\modules-2\files-2.1\org.springframework\spring-aspects\6.1.6\409aba797564c23c08e2307f2df728aed117e914\spring-aspects-6.1.6.jar;C:\Users\ahr63\.gradle\caches\modules-2\files-2.1\org.springframework.boot\spring-boot-starter-json\3.2.5\6df311af4c242eb95c3526f48ab4f31c384a247e\spring-boot-starter-json-3.2.5.jar;C:\Users\ahr63\.gradle\caches\modules-2\files-2.1\org.springframework.boot\spring-boot-starter\3.2.5\a9837a876129cc6fe5f3abf1de5ec0a16faaf003\spring-boot-starter-3.2.5.jar;C:\Users\ahr63\.gradle\caches\modules-2\files-2.1\org.springframework.boot\spring-boot-starter-tomcat\3.2.5\a40ebfa6becb35b419b37e49e
Launcher Type: SUN_STANDARD

[Global flags]
     intx CICompilerCount                          = 3                                         {product} {ergonomic}
     uint ConcGCThreads                            = 1                                         {product} {ergonomic}
     uint G1ConcRefinementThreads                  = 4                                         {product} {ergonomic}
   size_t G1HeapRegionSize                         = 1048576                                   {product} {ergonomic}
    uintx GCDrainStackTargetSize                   = 64                                        {product} {ergonomic}
   size_t InitialHeapSize                          = 67108864                                  {product} {ergonomic}
     bool ManagementServer                         = true                                      {product} {command line}
   size_t MarkStackSize                            = 4194304                                   {product} {ergonomic}
   size_t MaxHeapSize                              = 1052770304                                {product} {ergonomic}
   size_t MaxNewSize                               = 631242752                                 {product} {ergonomic}
   size_t MinHeapDeltaBytes                        = 1048576                                   {product} {ergonomic}
   size_t MinHeapSize                              = 8388608                                   {product} {ergonomic}
    uintx NonProfiledCodeHeapSize                  = 0                                      {pd product} {ergonomic}
     bool ProfileInterpreter                       = false                                  {pd product} {command line}
    uintx ProfiledCodeHeapSize                     = 0                                      {pd product} {ergonomic}
   size_t SoftMaxHeapSize                          = 1052770304                             {manageable} {ergonomic}
     intx TieredStopAtLevel                        = 1                                         {product} {command line}
     bool UseCompressedClassPointers               = true                           {product lp64_product} {ergonomic}
     bool UseCompressedOops                        = true                           {product lp64_product} {ergonomic}
     bool UseG1GC                                  = true                                      {product} {ergonomic}
     bool UseLargePagesIndividualAllocation        = false                                  {pd product} {ergonomic}

Logging:
Log output configuration:
 #0: stdout all=warning uptime,level,tags
 #1: stderr all=off uptime,level,tags

Environment Variables:
JAVA_HOME=C:\Program Files\Java\jdk-17
CLASSPATH=C:\apache-tomcat-9.0.37\lib\servlet-api.jar
PATH=C:\Program Files\Common Files\Oracle\Java\javapath;C:\oracle\bin;C:\Windows\system32;C:\Windows;C:\Windows\System32\Wbem;C:\Windows\System32\WindowsPowerShell\v1.0\;C:\Windows\System32\OpenSSH\;C:\Program Files (x86)\Windows Kits\10\Windows Performance Toolkit\;C:\Program Files\nodejs\;C:\Users\ahr63\AppData\Local\Android\Sdk\\platform-tools;C:\apache-maven-3.9.6-bin\apache-maven-3.9.6bin;C:\Program Files\Git\cmd;C:\Program Files\Java\jdk-17\bin;C:\Program Files\PuTTY\;C:\Program Files\MySQL\MySQL Server 8.0\bin;C:\Users\ahr63\AppData\Local\Microsoft\WindowsApps;C:\Program Files\JetBrains\PyCharm Community Edition 2023.1.2\bin;;C:\devtool\apache-maven-3.9.4\bin;C:\devtool\gradle-8.3\bin;;C:\Users\ahr63\AppData\Local\Programs\Microsoft VS Code\bin;C:\Users\ahr63\AppData\Roaming\npm
USERNAME=ahr63
OS=Windows_NT
PROCESSOR_IDENTIFIER=Intel64 Family 6 Model 78 Stepping 3, GenuineIntel



---------------  S Y S T E M  ---------------

OS:
 Windows 10 , 64 bit Build 19041 (10.0.19041.3636)
OS uptime: 0 days 1:34 hours

CPU: total 4 (initial active 4) (2 cores per cpu, 2 threads per core) family 6 model 78 stepping 3 microcode 0xcc, cx8, cmov, fxsr, ht, mmx, 3dnowpref, sse, sse2, sse3, ssse3, sse4.1, sse4.2, popcnt, lzcnt, tsc, tscinvbit, aes, erms, clmul, clflush, clflushopt

Memory: 4k page, system-wide physical 4014M (35M free)
TotalPageFile size 7014M (AvailPageFile size 4M)
current process WorkingSet (physical memory assigned to process): 164M, peak: 164M
current process commit charge ("private bytes"): 194M, peak: 194M

vm_info: Java HotSpot(TM) 64-Bit Server VM (17.0.7+8-LTS-224) for windows-amd64 JRE (17.0.7+8-LTS-224), built on Feb 28 2023 23:03:02 by "mach5one" with MS VC++ 17.1 (VS2022)

END.
