#
# There is insufficient memory for the Java Runtime Environment to continue.
# Native memory allocation (mmap) failed to map 67108864 bytes for G1 virtual space
# Possible reasons:
#   The system is out of physical RAM or swap space
#   The process is running with CompressedOops enabled, and the Java Heap may be blocking the growth of the native heap
# Possible solutions:
#   Reduce memory load on the system
#   Increase physical memory or swap space
#   Check if swap backing store is full
#   Decrease Java heap size (-Xmx/-Xms)
#   Decrease number of Java threads
#   Decrease Java thread stack sizes (-Xss)
#   Set larger code cache with -XX:ReservedCodeCacheSize=
#   JVM is running with Unscaled Compressed Oops mode in which the Java heap is
#     placed in the first 4GB address space. The Java Heap base address is the
#     maximum limit for the native heap growth. Please use -XX:HeapBaseMinAddress
#     to set the Java Heap base and to place the Java Heap above 4GB virtual address.
# This output file may be truncated or incomplete.
#
#  Out of Memory Error (os_windows.cpp:3550), pid=9128, tid=2748
#
# JRE version:  (17.0.7+8) (build )
# Java VM: Java HotSpot(TM) 64-Bit Server VM (17.0.7+8-LTS-224, mixed mode, emulated-client, sharing, tiered, compressed oops, compressed class ptrs, g1 gc, windows-amd64)
# No core dump will be written. Minidumps are not enabled by default on client versions of Windows
#

---------------  S U M M A R Y ------------

Command Line: -XX:TieredStopAtLevel=1 -Dspring.output.ansi.enabled=always -Dcom.sun.management.jmxremote -Dspring.jmx.enabled=true -Dspring.liveBeansView.mbeanDomain -Dspring.application.admin.enabled=true -Dmanagement.endpoints.jmx.exposure.include=* -javaagent:C:\Program Files\JetBrains\IntelliJ IDEA 2023.3.6\lib\idea_rt.jar=52057:C:\Program Files\JetBrains\IntelliJ IDEA 2023.3.6\bin -Dfile.encoding=UTF-8 com.example.test.TestApplication

Host: Intel(R) Pentium(R) CPU 4405U @ 2.10GHz, 4 cores, 3G,  Windows 10 , 64 bit Build 19041 (10.0.19041.3636)
Time: Wed May  8 22:59:22 2024  Windows 10 , 64 bit Build 19041 (10.0.19041.3636) elapsed time: 0.042158 seconds (0d 0h 0m 0s)

---------------  T H R E A D  ---------------

Current thread (0x00000222325c7000):  JavaThread "Unknown thread" [_thread_in_vm, id=2748, stack(0x000000af78400000,0x000000af78500000)]

Stack: [0x000000af78400000,0x000000af78500000]
Native frames: (J=compiled Java code, j=interpreted, Vv=VM code, C=native code)
V  [jvm.dll+0x676a4a]
V  [jvm.dll+0x7d74f4]
V  [jvm.dll+0x7d8c9e]
V  [jvm.dll+0x7d9303]
V  [jvm.dll+0x2452c5]
V  [jvm.dll+0x6738f9]
V  [jvm.dll+0x668232]
V  [jvm.dll+0x302826]
V  [jvm.dll+0x309da6]
V  [jvm.dll+0x35952e]
V  [jvm.dll+0x35975f]
V  [jvm.dll+0x2d9a38]
V  [jvm.dll+0x2da9a4]
V  [jvm.dll+0x7a8fb1]
V  [jvm.dll+0x3670e1]
V  [jvm.dll+0x788359]
V  [jvm.dll+0x3ea5ef]
V  [jvm.dll+0x3ec071]
C  [jli.dll+0x5297]
C  [ucrtbase.dll+0x21bb2]
C  [KERNEL32.DLL+0x17344]
C  [ntdll.dll+0x526b1]


---------------  P R O C E S S  ---------------

Threads class SMR info:
_java_thread_list=0x00007fff73914998, length=0, elements={
}

Java Threads: ( => current thread )

Other Threads:
  0x00000222326028e0 GCTaskThread "GC Thread#0" [stack: 0x000000af78500000,0x000000af78600000] [id=7728]
  0x000002223260b5a0 ConcurrentGCThread "G1 Main Marker" [stack: 0x000000af78600000,0x000000af78700000] [id=7220]
  0x000002223260bfb0 ConcurrentGCThread "G1 Conc#0" [stack: 0x000000af78700000,0x000000af78800000] [id=4284]

[error occurred during error reporting (printing all threads), id 0xc0000005, EXCEPTION_ACCESS_VIOLATION (0xc0000005) at pc=0x00007fff7314a697]

VM state: not at safepoint (not fully initialized)

VM Mutex/Monitor currently owned by a thread:  ([mutex/lock_event])
[0x00000222325c2920] Heap_lock - owner thread: 0x00000222325c7000

Heap address: 0x00000000c1400000, size: 1004 MB, Compressed Oops mode: 32-bit

CDS archive(s) mapped at: [0x0000000000000000-0x0000000000000000-0x0000000000000000), size 0, SharedBaseAddress: 0x0000000800000000, ArchiveRelocationMode: 0.
Narrow klass base: 0x0000000000000000, Narrow klass shift: 0, Narrow klass range: 0x0

GC Precious Log:
<Empty>

Heap:
 garbage-first heap   total 0K, used 0K [0x00000000c1400000, 0x0000000100000000)
  region size 1024K, 0 young (0K), 0 survivors (0K)

[error occurred during error reporting (printing heap information), id 0xc0000005, EXCEPTION_ACCESS_VIOLATION (0xc0000005) at pc=0x00007fff735300b9]

GC Heap History (0 events):
No events

Deoptimization events (0 events):
No events

Classes unloaded (0 events):
No events

Classes redefined (0 events):
No events

Internal exceptions (0 events):
No events

VM Operations (0 events):
No events

Events (1 events):
Event: 0.029 Loaded shared library C:\Program Files\Java\jdk-17\bin\java.dll


Dynamic libraries:
0x00007ff729fc0000 - 0x00007ff729fd0000 	C:\Program Files\Java\jdk-17\bin\java.exe
0x00007fffa7790000 - 0x00007fffa7988000 	C:\Windows\SYSTEM32\ntdll.dll
0x00007fffa5ac0000 - 0x00007fffa5b7d000 	C:\Windows\System32\KERNEL32.DLL
0x00007fffa5060000 - 0x00007fffa5356000 	C:\Windows\System32\KERNELBASE.dll
0x00007fffa5400000 - 0x00007fffa5500000 	C:\Windows\System32\ucrtbase.dll
0x00007fff96b00000 - 0x00007fff96b19000 	C:\Program Files\Java\jdk-17\bin\jli.dll
0x00007fff95a90000 - 0x00007fff95aab000 	C:\Program Files\Java\jdk-17\bin\VCRUNTIME140.dll
0x00007fffa6150000 - 0x00007fffa6200000 	C:\Windows\System32\ADVAPI32.dll
0x00007fffa6340000 - 0x00007fffa63de000 	C:\Windows\System32\msvcrt.dll
0x00007fffa6780000 - 0x00007fffa6820000 	C:\Windows\System32\sechost.dll
0x00007fffa65f0000 - 0x00007fffa6713000 	C:\Windows\System32\RPCRT4.dll
0x00007fffa4e40000 - 0x00007fffa4e67000 	C:\Windows\System32\bcrypt.dll
0x00007fffa5920000 - 0x00007fffa5abf000 	C:\Windows\System32\USER32.dll
0x00007fffa5500000 - 0x00007fffa5522000 	C:\Windows\System32\win32u.dll
0x00007fffa6260000 - 0x00007fffa628b000 	C:\Windows\System32\GDI32.dll
0x00007fffa55e0000 - 0x00007fffa56f7000 	C:\Windows\System32\gdi32full.dll
0x00007fffa5360000 - 0x00007fffa53fd000 	C:\Windows\System32\msvcp_win.dll
0x00007fff93a80000 - 0x00007fff93d1a000 	C:\Windows\WinSxS\amd64_microsoft.windows.common-controls_6595b64144ccf1df_6.0.19041.3636_none_60b6a03d71f818d5\COMCTL32.dll
0x00007fff96b20000 - 0x00007fff96b2a000 	C:\Windows\SYSTEM32\VERSION.dll
0x00007fffa57c0000 - 0x00007fffa57f2000 	C:\Windows\System32\IMM32.DLL
0x00007fff9d640000 - 0x00007fff9d64c000 	C:\Program Files\Java\jdk-17\bin\vcruntime140_1.dll
0x00007fff89a60000 - 0x00007fff89aee000 	C:\Program Files\Java\jdk-17\bin\msvcp140.dll
0x00007fff72e60000 - 0x00007fff73a3d000 	C:\Program Files\Java\jdk-17\bin\server\jvm.dll
0x00007fffa5ee0000 - 0x00007fffa5ee8000 	C:\Windows\System32\PSAPI.DLL
0x00007fffa0ab0000 - 0x00007fffa0ab9000 	C:\Windows\SYSTEM32\WSOCK32.dll
0x00007fff918c0000 - 0x00007fff918e7000 	C:\Windows\SYSTEM32\WINMM.dll
0x00007fffa6080000 - 0x00007fffa60eb000 	C:\Windows\System32\WS2_32.dll
0x00007fffa2cd0000 - 0x00007fffa2ce2000 	C:\Windows\SYSTEM32\kernel.appcore.dll
0x00007fff9c470000 - 0x00007fff9c47a000 	C:\Program Files\Java\jdk-17\bin\jimage.dll
0x00007fff95da0000 - 0x00007fff95f84000 	C:\Windows\SYSTEM32\DBGHELP.DLL
0x00007fff95560000 - 0x00007fff95594000 	C:\Windows\SYSTEM32\dbgcore.DLL
0x00007fffa4e70000 - 0x00007fffa4ef2000 	C:\Windows\System32\bcryptPrimitives.dll
0x00007fff90ff0000 - 0x00007fff90ffe000 	C:\Program Files\Java\jdk-17\bin\instrument.dll
0x00007fff90f20000 - 0x00007fff90f45000 	C:\Program Files\Java\jdk-17\bin\java.dll

dbghelp: loaded successfully - version: 4.0.5 - missing functions: none
symbol engine: initialized successfully - sym options: 0x614 - pdb path: .;C:\Program Files\Java\jdk-17\bin;C:\Windows\SYSTEM32;C:\Windows\WinSxS\amd64_microsoft.windows.common-controls_6595b64144ccf1df_6.0.19041.3636_none_60b6a03d71f818d5;C:\Program Files\Java\jdk-17\bin\server

VM Arguments:
jvm_args: -XX:TieredStopAtLevel=1 -Dspring.output.ansi.enabled=always -Dcom.sun.management.jmxremote -Dspring.jmx.enabled=true -Dspring.liveBeansView.mbeanDomain -Dspring.application.admin.enabled=true -Dmanagement.endpoints.jmx.exposure.include=* -javaagent:C:\Program Files\JetBrains\IntelliJ IDEA 2023.3.6\lib\idea_rt.jar=52057:C:\Program Files\JetBrains\IntelliJ IDEA 2023.3.6\bin -Dfile.encoding=UTF-8 
java_command: com.example.test.TestApplication
java_class_path (initial): C:\Users\ahr63\IdeaProjects\demo\test\build\classes\java\main;C:\Users\ahr63\IdeaProjects\demo\test\build\resources\main;C:\Users\ahr63\.gradle\caches\modules-2\files-2.1\org.projectlombok\lombok\1.18.32\17d46b3e205515e1e8efd3ee4d57ce8018914163\lombok-1.18.32.jar;C:\Users\ahr63\.gradle\caches\modules-2\files-2.1\org.springframework.boot\spring-boot-starter-data-jpa\3.2.5\99c1272c135f1c44b0c94ed0b65dca9b201323b7\spring-boot-starter-data-jpa-3.2.5.jar;C:\Users\ahr63\.gradle\caches\modules-2\files-2.1\org.springframework.boot\spring-boot-starter-web\3.2.5\664d75553c6af42122d4db645f4924a95084e382\spring-boot-starter-web-3.2.5.jar;C:\Users\ahr63\.gradle\caches\modules-2\files-2.1\org.springframework.boot\spring-boot-starter-aop\3.2.5\1c6c5d81e6c7f8b3e255c9e384153e9f52a93d1b\spring-boot-starter-aop-3.2.5.jar;C:\Users\ahr63\.gradle\caches\modules-2\files-2.1\org.springframework.boot\spring-boot-starter-jdbc\3.2.5\2fc156645b02bef43dcd4e697ae6f4ba9388a978\spring-boot-starter-jdbc-3.2.5.jar;C:\Users\ahr63\.gradle\caches\modules-2\files-2.1\org.hibernate.orm\hibernate-core\6.4.4.Final\5c9decb3c5a70bf7801d41fc32633416c26be069\hibernate-core-6.4.4.Final.jar;C:\Users\ahr63\.gradle\caches\modules-2\files-2.1\org.springframework.data\spring-data-jpa\3.2.5\f5c674caedc0132c7865b9a2edaa04b8f5351262\spring-data-jpa-3.2.5.jar;C:\Users\ahr63\.gradle\caches\modules-2\files-2.1\org.springframework\spring-aspects\6.1.6\409aba797564c23c08e2307f2df728aed117e914\spring-aspects-6.1.6.jar;C:\Users\ahr63\.gradle\caches\modules-2\files-2.1\org.springframework.boot\spring-boot-starter-json\3.2.5\6df311af4c242eb95c3526f48ab4f31c384a247e\spring-boot-starter-json-3.2.5.jar;C:\Users\ahr63\.gradle\caches\modules-2\files-2.1\org.springframework.boot\spring-boot-starter\3.2.5\a9837a876129cc6fe5f3abf1de5ec0a16faaf003\spring-boot-starter-3.2.5.jar;C:\Users\ahr63\.gradle\caches\modules-2\files-2.1\org.springframework.boot\spring-boot-starter-tomcat\3.2.5\a40ebfa6becb35b419b37e49e
Launcher Type: SUN_STANDARD

[Global flags]
     intx CICompilerCount                          = 3                                         {product} {ergonomic}
     uint ConcGCThreads                            = 1                                         {product} {ergonomic}
     uint G1ConcRefinementThreads                  = 4                                         {product} {ergonomic}
   size_t G1HeapRegionSize                         = 1048576                                   {product} {ergonomic}
    uintx GCDrainStackTargetSize                   = 64                                        {product} {ergonomic}
   size_t InitialHeapSize                          = 67108864                                  {product} {ergonomic}
     bool ManagementServer                         = true                                      {product} {command line}
   size_t MarkStackSize                            = 4194304                                   {product} {ergonomic}
   size_t MaxHeapSize                              = 1052770304                                {product} {ergonomic}
   size_t MinHeapDeltaBytes                        = 1048576                                   {product} {ergonomic}
   size_t MinHeapSize                              = 8388608                                   {product} {ergonomic}
    uintx NonProfiledCodeHeapSize                  = 0                                      {pd product} {ergonomic}
     bool ProfileInterpreter                       = false                                  {pd product} {command line}
    uintx ProfiledCodeHeapSize                     = 0                                      {pd product} {ergonomic}
   size_t SoftMaxHeapSize                          = 1052770304                             {manageable} {ergonomic}
     intx TieredStopAtLevel                        = 1                                         {product} {command line}
     bool UseCompressedClassPointers               = true                           {product lp64_product} {ergonomic}
     bool UseCompressedOops                        = true                           {product lp64_product} {ergonomic}
     bool UseG1GC                                  = true                                      {product} {ergonomic}
     bool UseLargePagesIndividualAllocation        = false                                  {pd product} {ergonomic}

Logging:
Log output configuration:
 #0: stdout all=warning uptime,level,tags
 #1: stderr all=off uptime,level,tags

Environment Variables:
JAVA_HOME=C:\Program Files\Java\jdk-17
CLASSPATH=C:\apache-tomcat-9.0.37\lib\servlet-api.jar
PATH=C:\Program Files\Common Files\Oracle\Java\javapath;C:\oracle\bin;C:\Windows\system32;C:\Windows;C:\Windows\System32\Wbem;C:\Windows\System32\WindowsPowerShell\v1.0\;C:\Windows\System32\OpenSSH\;C:\Users\ahr63\AppData\Local\Android\Sdk\\platform-tools;C:\apache-maven-3.9.6-bin\apache-maven-3.9.6bin;C:\Program Files\Git\cmd;C:\Program Files\Java\jdk-17\bin;C:\Program Files\PuTTY\;C:\Program Files\MySQL\MySQL Server 8.0\bin;C:\Users\ahr63\AppData\Local\Microsoft\WindowsApps;C:\Program Files\JetBrains\PyCharm Community Edition 2023.1.2\bin;;C:\devtool\apache-maven-3.9.4\bin;C:\devtool\gradle-8.3\bin;;C:\Users\ahr63\AppData\Local\Programs\Microsoft VS Code\bin
USERNAME=ahr63
OS=Windows_NT
PROCESSOR_IDENTIFIER=Intel64 Family 6 Model 78 Stepping 3, GenuineIntel



---------------  S Y S T E M  ---------------

OS:
 Windows 10 , 64 bit Build 19041 (10.0.19041.3636)
OS uptime: 0 days 3:21 hours

CPU: total 4 (initial active 4) (2 cores per cpu, 2 threads per core) family 6 model 78 stepping 3 microcode 0xcc, cx8, cmov, fxsr, ht, mmx, 3dnowpref, sse, sse2, sse3, ssse3, sse4.1, sse4.2, popcnt, lzcnt, tsc, tscinvbit, aes, erms, clmul, clflush, clflushopt

Memory: 4k page, system-wide physical 4014M (191M free)
TotalPageFile size 7014M (AvailPageFile size 65M)
current process WorkingSet (physical memory assigned to process): 10M, peak: 10M
current process commit charge ("private bytes"): 46M, peak: 110M

vm_info: Java HotSpot(TM) 64-Bit Server VM (17.0.7+8-LTS-224) for windows-amd64 JRE (17.0.7+8-LTS-224), built on Feb 28 2023 23:03:02 by "mach5one" with MS VC++ 17.1 (VS2022)

END.
